<?xml version="1.0" encoding="UTF-8"?>
<testng-results skipped="0" failed="1" ignored="0" total="4" passed="3">
  <reporter-output>
  </reporter-output>
  <suite name="Suite" duration-ms="30691" started-at="2022-10-08T00:07:09 IST" finished-at="2022-10-08T00:07:40 IST">
    <groups>
    </groups>
    <test name="Test" duration-ms="30691" started-at="2022-10-08T00:07:09 IST" finished-at="2022-10-08T00:07:40 IST">
      <class name="test.RegisterTest">
        <test-method status="PASS" signature="beforeClass()[pri:0, instance:test.RegisterTest@1877ab81]" name="beforeClass" is-config="true" duration-ms="2428" started-at="2022-10-08T00:07:09 IST" finished-at="2022-10-08T00:07:11 IST">
          <reporter-output>
          </reporter-output>
        </test-method> <!-- beforeClass -->
        <test-method status="PASS" signature="beforeMethod()[pri:0, instance:test.RegisterTest@1877ab81]" name="beforeMethod" is-config="true" duration-ms="19" started-at="2022-10-08T00:07:11 IST" finished-at="2022-10-08T00:07:11 IST">
          <reporter-output>
          </reporter-output>
        </test-method> <!-- beforeMethod -->
        <test-method status="PASS" signature="register()[pri:1, instance:test.RegisterTest@1877ab81]" name="register" duration-ms="18911" started-at="2022-10-08T00:07:11 IST" finished-at="2022-10-08T00:07:30 IST">
          <reporter-output>
          </reporter-output>
        </test-method> <!-- register -->
        <test-method status="PASS" signature="afterMethod()[pri:0, instance:test.RegisterTest@1877ab81]" name="afterMethod" is-config="true" duration-ms="1" started-at="2022-10-08T00:07:30 IST" finished-at="2022-10-08T00:07:30 IST">
          <reporter-output>
          </reporter-output>
        </test-method> <!-- afterMethod -->
        <test-method status="PASS" signature="beforeMethod()[pri:0, instance:test.RegisterTest@1877ab81]" name="beforeMethod" is-config="true" duration-ms="38" started-at="2022-10-08T00:07:30 IST" finished-at="2022-10-08T00:07:30 IST">
          <reporter-output>
          </reporter-output>
        </test-method> <!-- beforeMethod -->
        <test-method status="FAIL" signature="login()[pri:2, instance:test.RegisterTest@1877ab81]" name="login" duration-ms="4066" started-at="2022-10-08T00:07:30 IST" finished-at="2022-10-08T00:07:34 IST">
          <exception class="java.lang.AssertionError">
            <message>
              <![CDATA[Invalid credentials expected [http://automationpractice.com/index.php?controller=my-account] but found [http://automationpractice.com/index.php?controller=authentication]]]>
            </message>
            <full-stacktrace>
              <![CDATA[java.lang.AssertionError: Invalid credentials expected [http://automationpractice.com/index.php?controller=my-account] but found [http://automationpractice.com/index.php?controller=authentication]
at org.testng.Assert.fail(Assert.java:99)
at org.testng.Assert.failNotEquals(Assert.java:1037)
at org.testng.Assert.assertEqualsImpl(Assert.java:140)
at org.testng.Assert.assertEquals(Assert.java:122)
at org.testng.Assert.assertEquals(Assert.java:629)
at test.RegisterTest.login(RegisterTest.java:92)
at sun.reflect.NativeMethodAccessorImpl.invoke0(Native Method)
at sun.reflect.NativeMethodAccessorImpl.invoke(NativeMethodAccessorImpl.java:62)
at sun.reflect.DelegatingMethodAccessorImpl.invoke(DelegatingMethodAccessorImpl.java:43)
at java.lang.reflect.Method.invoke(Method.java:498)
at org.testng.internal.MethodInvocationHelper.invokeMethod(MethodInvocationHelper.java:133)
at org.testng.internal.TestInvoker.invokeMethod(TestInvoker.java:598)
at org.testng.internal.TestInvoker.invokeTestMethod(TestInvoker.java:173)
at org.testng.internal.MethodRunner.runInSequence(MethodRunner.java:46)
at org.testng.internal.TestInvoker$MethodInvocationAgent.invoke(TestInvoker.java:824)
at org.testng.internal.TestInvoker.invokeTestMethods(TestInvoker.java:146)
at org.testng.internal.TestMethodWorker.invokeTestMethods(TestMethodWorker.java:146)
at org.testng.internal.TestMethodWorker.run(TestMethodWorker.java:128)
at java.util.ArrayList.forEach(ArrayList.java:1249)
at org.testng.TestRunner.privateRun(TestRunner.java:794)
at org.testng.TestRunner.run(TestRunner.java:596)
at org.testng.SuiteRunner.runTest(SuiteRunner.java:377)
at org.testng.SuiteRunner.runSequentially(SuiteRunner.java:371)
at org.testng.SuiteRunner.privateRun(SuiteRunner.java:332)
at org.testng.SuiteRunner.run(SuiteRunner.java:276)
at org.testng.SuiteRunnerWorker.runSuite(SuiteRunnerWorker.java:53)
at org.testng.SuiteRunnerWorker.run(SuiteRunnerWorker.java:96)
at org.testng.TestNG.runSuitesSequentially(TestNG.java:1212)
at org.testng.TestNG.runSuitesLocally(TestNG.java:1134)
at org.testng.TestNG.runSuites(TestNG.java:1063)
at org.testng.TestNG.run(TestNG.java:1031)
at org.testng.remote.AbstractRemoteTestNG.run(AbstractRemoteTestNG.java:115)
at org.testng.remote.RemoteTestNG.initAndRun(RemoteTestNG.java:251)
at org.testng.remote.RemoteTestNG.main(RemoteTestNG.java:77)
]]>
            </full-stacktrace>
          </exception> <!-- java.lang.AssertionError -->
          <reporter-output>
          </reporter-output>
        </test-method> <!-- login -->
        <test-method status="PASS" signature="afterMethod()[pri:0, instance:test.RegisterTest@1877ab81]" name="afterMethod" is-config="true" duration-ms="0" started-at="2022-10-08T00:07:34 IST" finished-at="2022-10-08T00:07:34 IST">
          <reporter-output>
          </reporter-output>
        </test-method> <!-- afterMethod -->
        <test-method status="PASS" signature="beforeMethod()[pri:0, instance:test.RegisterTest@1877ab81]" name="beforeMethod" is-config="true" duration-ms="17" started-at="2022-10-08T00:07:34 IST" finished-at="2022-10-08T00:07:35 IST">
          <reporter-output>
          </reporter-output>
        </test-method> <!-- beforeMethod -->
        <test-method status="PASS" signature="search()[pri:3, instance:test.RegisterTest@1877ab81]" name="search" duration-ms="2255" started-at="2022-10-08T00:07:35 IST" finished-at="2022-10-08T00:07:37 IST">
          <reporter-output>
          </reporter-output>
        </test-method> <!-- search -->
        <test-method status="PASS" signature="afterMethod()[pri:0, instance:test.RegisterTest@1877ab81]" name="afterMethod" is-config="true" duration-ms="1" started-at="2022-10-08T00:07:37 IST" finished-at="2022-10-08T00:07:37 IST">
          <reporter-output>
          </reporter-output>
        </test-method> <!-- afterMethod -->
        <test-method status="PASS" signature="beforeMethod()[pri:0, instance:test.RegisterTest@1877ab81]" name="beforeMethod" is-config="true" duration-ms="9" started-at="2022-10-08T00:07:37 IST" finished-at="2022-10-08T00:07:37 IST">
          <reporter-output>
          </reporter-output>
        </test-method> <!-- beforeMethod -->
        <test-method status="PASS" signature="addToCart()[pri:4, instance:test.RegisterTest@1877ab81]" name="addToCart" duration-ms="2893" started-at="2022-10-08T00:07:37 IST" finished-at="2022-10-08T00:07:40 IST">
          <reporter-output>
          </reporter-output>
        </test-method> <!-- addToCart -->
        <test-method status="PASS" signature="afterMethod()[pri:0, instance:test.RegisterTest@1877ab81]" name="afterMethod" is-config="true" duration-ms="0" started-at="2022-10-08T00:07:40 IST" finished-at="2022-10-08T00:07:40 IST">
          <reporter-output>
          </reporter-output>
        </test-method> <!-- afterMethod -->
        <test-method status="PASS" signature="afterClass()[pri:0, instance:test.RegisterTest@1877ab81]" name="afterClass" is-config="true" duration-ms="0" started-at="2022-10-08T00:07:40 IST" finished-at="2022-10-08T00:07:40 IST">
          <reporter-output>
          </reporter-output>
        </test-method> <!-- afterClass -->
      </class> <!-- test.RegisterTest -->
    </test> <!-- Test -->
  </suite> <!-- Suite -->
</testng-results>
