<?xml version="1.0" encoding="UTF-8"?>
<!-- Generated by org.testng.reporters.JUnitXMLReporter -->
<testsuite hostname="LAPTOP-3FSGIJEU" ignored="0" name="Test" tests="4" failures="1" timestamp="2022-10-08T00:07:40 IST" time="30.691" errors="0">
  <testcase name="register" time="18.911" classname="test.RegisterTest"/>
  <testcase name="login" time="4.066" classname="test.RegisterTest">
    <failure type="java.lang.AssertionError" message="Invalid credentials expected [http://automationpractice.com/index.php?controller=my-account] but found [http://automationpractice.com/index.php?controller=authentication]">
      <![CDATA[java.lang.AssertionError: Invalid credentials expected [http://automationpractice.com/index.php?controller=my-account] but found [http://automationpractice.com/index.php?controller=authentication]
at test.RegisterTest.login(RegisterTest.java:92)
at java.util.ArrayList.forEach(ArrayList.java:1249)
... Removed 32 stack frames]]>
    </failure>
  </testcase> <!-- login -->
  <testcase name="search" time="2.255" classname="test.RegisterTest"/>
  <testcase name="addToCart" time="2.893" classname="test.RegisterTest"/>
</testsuite> <!-- Test -->
